# JRE version: OpenJDK Runtime Environment (8.0_202-b03) (build 1.8.0_202-release-1483-b03)
# Java VM: OpenJDK 64-Bit Server VM (25.202-b03 mixed mode windows-amd64 compressed oops)
Heap:
 PSYoungGen      total 170496K, used 7102K [0x00000000e0000000, 0x00000000ee000000, 0x0000000100000000)
  eden space 151040K, 4% used [0x00000000e0000000,0x00000000e06efad0,0x00000000e9380000)
  from space 19456K, 0% used [0x00000000e9380000,0x00000000e9380000,0x00000000ea680000)
  to   space 19968K, 0% used [0x00000000ecc80000,0x00000000ecc80000,0x00000000ee000000)
 ParOldGen       total 244736K, used 30813K [0x00000000a0000000, 0x00000000aef00000, 0x00000000e0000000)
  object space 244736K, 12% used [0x00000000a0000000,0x00000000a1e17400,0x00000000aef00000)
 Metaspace       used 57599K, capacity 59310K, committed 59480K, reserved 1099776K
  class space    used 7862K, capacity 8288K, committed 8320K, reserved 1048576K
GC Heap History (10 events):
Event: 13.238 GC heap before
{Heap before GC invocations=8 (full 2):
 PSYoungGen      total 124416K, used 10901K [0x00000000e0000000, 0x00000000e8a00000, 0x0000000100000000)
  eden space 111104K, 0% used [0x00000000e0000000,0x00000000e0000000,0x00000000e6c80000)
  from space 13312K, 81% used [0x00000000e7a00000,0x00000000e84a55d8,0x00000000e8700000)
  to   space 13824K, 0% used [0x00000000e6c80000,0x00000000e6c80000,0x00000000e7a00000)
 ParOldGen       total 104448K, used 11827K [0x00000000a0000000, 0x00000000a6600000, 0x00000000e0000000)
  object space 104448K, 11% used [0x00000000a0000000,0x00000000a0b8ce28,0x00000000a6600000)
 Metaspace       used 34661K, capacity 35394K, committed 35456K, reserved 1079296K
  class space    used 4780K, capacity 4969K, committed 4992K, reserved 1048576K
Event: 13.362 GC heap after
Heap after GC invocations=8 (full 2):
 PSYoungGen      total 124416K, used 0K [0x00000000e0000000, 0x00000000e8a00000, 0x0000000100000000)
  eden space 111104K, 0% used [0x00000000e0000000,0x00000000e0000000,0x00000000e6c80000)
  from space 13312K, 0% used [0x00000000e7a00000,0x00000000e7a00000,0x00000000e8700000)
  to   space 13824K, 0% used [0x00000000e6c80000,0x00000000e6c80000,0x00000000e7a00000)
 ParOldGen       total 164864K, used 18056K [0x00000000a0000000, 0x00000000aa100000, 0x00000000e0000000)
  object space 164864K, 10% used [0x00000000a0000000,0x00000000a11a20d8,0x00000000aa100000)
 Metaspace       used 34638K, capacity 35316K, committed 35456K, reserved 1079296K
  class space    used 4773K, capacity 4956K, committed 4992K, reserved 1048576K
}
Event: 15.715 GC heap before
{Heap before GC invocations=9 (full 2):
 PSYoungGen      total 124416K, used 111104K [0x00000000e0000000, 0x00000000e8a00000, 0x0000000100000000)
  eden space 111104K, 100% used [0x00000000e0000000,0x00000000e6c80000,0x00000000e6c80000)
  from space 13312K, 0% used [0x00000000e7a00000,0x00000000e7a00000,0x00000000e8700000)
  to   space 13824K, 0% used [0x00000000e6c80000,0x00000000e6c80000,0x00000000e7a00000)
 ParOldGen       total 164864K, used 18056K [0x00000000a0000000, 0x00000000aa100000, 0x00000000e0000000)
  object space 164864K, 10% used [0x00000000a0000000,0x00000000a11a20d8,0x00000000aa100000)
 Metaspace       used 45487K, capacity 46554K, committed 46976K, reserved 1089536K
  class space    used 6128K, capacity 6418K, committed 6528K, reserved 1048576K
Event: 15.740 GC heap after
Heap after GC invocations=9 (full 2):
 PSYoungGen      total 124928K, used 13822K [0x00000000e0000000, 0x00000000eb600000, 0x0000000100000000)
  eden space 111104K, 0% used [0x00000000e0000000,0x00000000e0000000,0x00000000e6c80000)
  from space 13824K, 99% used [0x00000000e6c80000,0x00000000e79ff920,0x00000000e7a00000)
  to   space 15872K, 0% used [0x00000000ea680000,0x00000000ea680000,0x00000000eb600000)
 ParOldGen       total 164864K, used 19182K [0x00000000a0000000, 0x00000000aa100000, 0x00000000e0000000)
  object space 164864K, 11% used [0x00000000a0000000,0x00000000a12bb978,0x00000000aa100000)
 Metaspace       used 45487K, capacity 46554K, committed 46976K, reserved 1089536K
  class space    used 6128K, capacity 6418K, committed 6528K, reserved 1048576K
}
Event: 18.040 GC heap before
{Heap before GC invocations=10 (full 2):
 PSYoungGen      total 124928K, used 124926K [0x00000000e0000000, 0x00000000eb600000, 0x0000000100000000)
  eden space 111104K, 100% used [0x00000000e0000000,0x00000000e6c80000,0x00000000e6c80000)
  from space 13824K, 99% used [0x00000000e6c80000,0x00000000e79ff920,0x00000000e7a00000)
  to   space 15872K, 0% used [0x00000000ea680000,0x00000000ea680000,0x00000000eb600000)
 ParOldGen       total 164864K, used 19182K [0x00000000a0000000, 0x00000000aa100000, 0x00000000e0000000)
  object space 164864K, 11% used [0x00000000a0000000,0x00000000a12bb978,0x00000000aa100000)
 Metaspace       used 54873K, capacity 56384K, committed 56576K, reserved 1097728K
  class space    used 7411K, capacity 7817K, committed 7936K, reserved 1048576K
Event: 18.077 GC heap after
Heap after GC invocations=10 (full 2):
 PSYoungGen      total 166912K, used 15855K [0x00000000e0000000, 0x00000000ebe80000, 0x0000000100000000)
  eden space 151040K, 0% used [0x00000000e0000000,0x00000000e0000000,0x00000000e9380000)
  from space 15872K, 99% used [0x00000000ea680000,0x00000000eb5fbe48,0x00000000eb600000)
  to   space 19456K, 0% used [0x00000000e9380000,0x00000000e9380000,0x00000000ea680000)
 ParOldGen       total 164864K, used 22888K [0x00000000a0000000, 0x00000000aa100000, 0x00000000e0000000)
  object space 164864K, 13% used [0x00000000a0000000,0x00000000a165a2f0,0x00000000aa100000)
 Metaspace       used 54873K, capacity 56384K, committed 56576K, reserved 1097728K
  class space    used 7411K, capacity 7817K, committed 7936K, reserved 1048576K
}
Event: 19.065 GC heap before
{Heap before GC invocations=11 (full 2):
 PSYoungGen      total 166912K, used 49537K [0x00000000e0000000, 0x00000000ebe80000, 0x0000000100000000)
  eden space 151040K, 22% used [0x00000000e0000000,0x00000000e20e4850,0x00000000e9380000)
  from space 15872K, 99% used [0x00000000ea680000,0x00000000eb5fbe48,0x00000000eb600000)
  to   space 19456K, 0% used [0x00000000e9380000,0x00000000e9380000,0x00000000ea680000)
 ParOldGen       total 164864K, used 22888K [0x00000000a0000000, 0x00000000aa100000, 0x00000000e0000000)
  object space 164864K, 13% used [0x00000000a0000000,0x00000000a165a2f0,0x00000000aa100000)
 Metaspace       used 57187K, capacity 58882K, committed 59096K, reserved 1099776K
  class space    used 7785K, capacity 8190K, committed 8192K, reserved 1048576K
Event: 19.084 GC heap after
Heap after GC invocations=11 (full 2):
 PSYoungGen      total 170496K, used 15278K [0x00000000e0000000, 0x00000000ee000000, 0x0000000100000000)
  eden space 151040K, 0% used [0x00000000e0000000,0x00000000e0000000,0x00000000e9380000)
  from space 19456K, 78% used [0x00000000e9380000,0x00000000ea26b808,0x00000000ea680000)
  to   space 19968K, 0% used [0x00000000ecc80000,0x00000000ecc80000,0x00000000ee000000)
 ParOldGen       total 164864K, used 22896K [0x00000000a0000000, 0x00000000aa100000, 0x00000000e0000000)
  object space 164864K, 13% used [0x00000000a0000000,0x00000000a165c2f0,0x00000000aa100000)
 Metaspace       used 57187K, capacity 58882K, committed 59096K, reserved 1099776K
  class space    used 7785K, capacity 8190K, committed 8192K, reserved 1048576K
}
Event: 19.084 GC heap before
{Heap before GC invocations=12 (full 3):
 PSYoungGen      total 170496K, used 15278K [0x00000000e0000000, 0x00000000ee000000, 0x0000000100000000)
  eden space 151040K, 0% used [0x00000000e0000000,0x00000000e0000000,0x00000000e9380000)
  from space 19456K, 78% used [0x00000000e9380000,0x00000000ea26b808,0x00000000ea680000)
  to   space 19968K, 0% used [0x00000000ecc80000,0x00000000ecc80000,0x00000000ee000000)
 ParOldGen       total 164864K, used 22896K [0x00000000a0000000, 0x00000000aa100000, 0x00000000e0000000)
  object space 164864K, 13% used [0x00000000a0000000,0x00000000a165c2f0,0x00000000aa100000)
 Metaspace       used 57187K, capacity 58882K, committed 59096K, reserved 1099776K
  class space    used 7785K, capacity 8190K, committed 8192K, reserved 1048576K
Event: 19.628 GC heap after
Heap after GC invocations=12 (full 3):
 PSYoungGen      total 170496K, used 0K [0x00000000e0000000, 0x00000000ee000000, 0x0000000100000000)
  eden space 151040K, 0% used [0x00000000e0000000,0x00000000e0000000,0x00000000e9380000)
  from space 19456K, 0% used [0x00000000e9380000,0x00000000e9380000,0x00000000ea680000)
  to   space 19968K, 0% used [0x00000000ecc80000,0x00000000ecc80000,0x00000000ee000000)
 ParOldGen       total 244736K, used 30813K [0x00000000a0000000, 0x00000000aef00000, 0x00000000e0000000)
  object space 244736K, 12% used [0x00000000a0000000,0x00000000a1e17400,0x00000000aef00000)
 Metaspace       used 57187K, capacity 58882K, committed 59096K, reserved 1099776K
  class space    used 7785K, capacity 8190K, committed 8192K, reserved 1048576K
}

