# JRE version: OpenJDK Runtime Environment (8.0_202-b03) (build 1.8.0_202-release-1483-b03)
# Java VM: OpenJDK 64-Bit Server VM (25.202-b03 mixed mode windows-amd64 compressed oops)
Heap:
 PSYoungGen      total 185344K, used 128165K [0x00000000e0000000, 0x00000000ed200000, 0x0000000100000000)
  eden space 165376K, 66% used [0x00000000e0000000,0x00000000e6ac1a80,0x00000000ea180000)
  from space 19968K, 94% used [0x00000000ea180000,0x00000000eb3e7bb8,0x00000000eb500000)
  to   space 21504K, 0% used [0x00000000ebd00000,0x00000000ebd00000,0x00000000ed200000)
 ParOldGen       total 261120K, used 31906K [0x00000000a0000000, 0x00000000aff00000, 0x00000000e0000000)
  object space 261120K, 12% used [0x00000000a0000000,0x00000000a1f28bb8,0x00000000aff00000)
 Metaspace       used 72960K, capacity 75110K, committed 75224K, reserved 1114112K
  class space    used 9449K, capacity 9932K, committed 9984K, reserved 1048576K
GC Heap History (10 events):
Event: 22.472 GC heap before
{Heap before GC invocations=10 (full 2):
 PSYoungGen      total 116736K, used 116730K [0x00000000e0000000, 0x00000000ea780000, 0x0000000100000000)
  eden space 103424K, 100% used [0x00000000e0000000,0x00000000e6500000,0x00000000e6500000)
  from space 13312K, 99% used [0x00000000e6500000,0x00000000e71feb30,0x00000000e7200000)
  to   space 15360K, 0% used [0x00000000e9880000,0x00000000e9880000,0x00000000ea780000)
 ParOldGen       total 175616K, used 19117K [0x00000000a0000000, 0x00000000aab80000, 0x00000000e0000000)
  object space 175616K, 10% used [0x00000000a0000000,0x00000000a12ab490,0x00000000aab80000)
 Metaspace       used 53760K, capacity 55272K, committed 55512K, reserved 1097728K
  class space    used 7261K, capacity 7611K, committed 7680K, reserved 1048576K
Event: 22.493 GC heap after
Heap after GC invocations=10 (full 2):
 PSYoungGen      total 153088K, used 15336K [0x00000000e0000000, 0x00000000eac80000, 0x0000000100000000)
  eden space 137728K, 0% used [0x00000000e0000000,0x00000000e0000000,0x00000000e8680000)
  from space 15360K, 99% used [0x00000000e9880000,0x00000000ea77a2f0,0x00000000ea780000)
  to   space 18432K, 0% used [0x00000000e8680000,0x00000000e8680000,0x00000000e9880000)
 ParOldGen       total 175616K, used 22025K [0x00000000a0000000, 0x00000000aab80000, 0x00000000e0000000)
  object space 175616K, 12% used [0x00000000a0000000,0x00000000a1582500,0x00000000aab80000)
 Metaspace       used 53760K, capacity 55272K, committed 55512K, reserved 1097728K
  class space    used 7261K, capacity 7611K, committed 7680K, reserved 1048576K
}
Event: 23.948 GC heap before
{Heap before GC invocations=11 (full 2):
 PSYoungGen      total 153088K, used 61565K [0x00000000e0000000, 0x00000000eac80000, 0x0000000100000000)
  eden space 137728K, 33% used [0x00000000e0000000,0x00000000e2d252a8,0x00000000e8680000)
  from space 15360K, 99% used [0x00000000e9880000,0x00000000ea77a2f0,0x00000000ea780000)
  to   space 18432K, 0% used [0x00000000e8680000,0x00000000e8680000,0x00000000e9880000)
 ParOldGen       total 175616K, used 22025K [0x00000000a0000000, 0x00000000aab80000, 0x00000000e0000000)
  object space 175616K, 12% used [0x00000000a0000000,0x00000000a1582500,0x00000000aab80000)
 Metaspace       used 57249K, capacity 58828K, committed 58968K, reserved 1099776K
  class space    used 7819K, capacity 8203K, committed 8320K, reserved 1048576K
Event: 23.977 GC heap after
Heap after GC invocations=11 (full 2):
 PSYoungGen      total 156160K, used 16380K [0x00000000e0000000, 0x00000000ecd80000, 0x0000000100000000)
  eden space 137728K, 0% used [0x00000000e0000000,0x00000000e0000000,0x00000000e8680000)
  from space 18432K, 88% used [0x00000000e8680000,0x00000000e967f280,0x00000000e9880000)
  to   space 19456K, 0% used [0x00000000eba80000,0x00000000eba80000,0x00000000ecd80000)
 ParOldGen       total 175616K, used 22033K [0x00000000a0000000, 0x00000000aab80000, 0x00000000e0000000)
  object space 175616K, 12% used [0x00000000a0000000,0x00000000a1584500,0x00000000aab80000)
 Metaspace       used 57249K, capacity 58828K, committed 58968K, reserved 1099776K
  class space    used 7819K, capacity 8203K, committed 8320K, reserved 1048576K
}
Event: 23.977 GC heap before
{Heap before GC invocations=12 (full 3):
 PSYoungGen      total 156160K, used 16380K [0x00000000e0000000, 0x00000000ecd80000, 0x0000000100000000)
  eden space 137728K, 0% used [0x00000000e0000000,0x00000000e0000000,0x00000000e8680000)
  from space 18432K, 88% used [0x00000000e8680000,0x00000000e967f280,0x00000000e9880000)
  to   space 19456K, 0% used [0x00000000eba80000,0x00000000eba80000,0x00000000ecd80000)
 ParOldGen       total 175616K, used 22033K [0x00000000a0000000, 0x00000000aab80000, 0x00000000e0000000)
  object space 175616K, 12% used [0x00000000a0000000,0x00000000a1584500,0x00000000aab80000)
 Metaspace       used 57249K, capacity 58828K, committed 58968K, reserved 1099776K
  class space    used 7819K, capacity 8203K, committed 8320K, reserved 1048576K
Event: 24.436 GC heap after
Heap after GC invocations=12 (full 3):
 PSYoungGen      total 156160K, used 0K [0x00000000e0000000, 0x00000000ecd80000, 0x0000000100000000)
  eden space 137728K, 0% used [0x00000000e0000000,0x00000000e0000000,0x00000000e8680000)
  from space 18432K, 0% used [0x00000000e8680000,0x00000000e8680000,0x00000000e9880000)
  to   space 19456K, 0% used [0x00000000eba80000,0x00000000eba80000,0x00000000ecd80000)
 ParOldGen       total 261120K, used 31890K [0x00000000a0000000, 0x00000000aff00000, 0x00000000e0000000)
  object space 261120K, 12% used [0x00000000a0000000,0x00000000a1f24bb8,0x00000000aff00000)
 Metaspace       used 57249K, capacity 58828K, committed 58968K, reserved 1099776K
  class space    used 7819K, capacity 8203K, committed 8320K, reserved 1048576K
}
Event: 964.310 GC heap before
{Heap before GC invocations=13 (full 3):
 PSYoungGen      total 156160K, used 137728K [0x00000000e0000000, 0x00000000ecd80000, 0x0000000100000000)
  eden space 137728K, 100% used [0x00000000e0000000,0x00000000e8680000,0x00000000e8680000)
  from space 18432K, 0% used [0x00000000e8680000,0x00000000e8680000,0x00000000e9880000)
  to   space 19456K, 0% used [0x00000000eba80000,0x00000000eba80000,0x00000000ecd80000)
 ParOldGen       total 261120K, used 31890K [0x00000000a0000000, 0x00000000aff00000, 0x00000000e0000000)
  object space 261120K, 12% used [0x00000000a0000000,0x00000000a1f24bb8,0x00000000aff00000)
 Metaspace       used 63356K, capacity 65350K, committed 65624K, reserved 1105920K
  class space    used 8373K, capacity 8798K, committed 8832K, reserved 1048576K
Event: 964.350 GC heap after
Heap after GC invocations=13 (full 3):
 PSYoungGen      total 169472K, used 14322K [0x00000000e0000000, 0x00000000ec880000, 0x0000000100000000)
  eden space 155136K, 0% used [0x00000000e0000000,0x00000000e0000000,0x00000000e9780000)
  from space 14336K, 99% used [0x00000000eba80000,0x00000000ec87c928,0x00000000ec880000)
  to   space 19968K, 0% used [0x00000000ea180000,0x00000000ea180000,0x00000000eb500000)
 ParOldGen       total 261120K, used 31898K [0x00000000a0000000, 0x00000000aff00000, 0x00000000e0000000)
  object space 261120K, 12% used [0x00000000a0000000,0x00000000a1f26bb8,0x00000000aff00000)
 Metaspace       used 63356K, capacity 65350K, committed 65624K, reserved 1105920K
  class space    used 8373K, capacity 8798K, committed 8832K, reserved 1048576K
}
Event: 978.476 GC heap before
{Heap before GC invocations=14 (full 3):
 PSYoungGen      total 169472K, used 169458K [0x00000000e0000000, 0x00000000ec880000, 0x0000000100000000)
  eden space 155136K, 100% used [0x00000000e0000000,0x00000000e9780000,0x00000000e9780000)
  from space 14336K, 99% used [0x00000000eba80000,0x00000000ec87c928,0x00000000ec880000)
  to   space 19968K, 0% used [0x00000000ea180000,0x00000000ea180000,0x00000000eb500000)
 ParOldGen       total 261120K, used 31898K [0x00000000a0000000, 0x00000000aff00000, 0x00000000e0000000)
  object space 261120K, 12% used [0x00000000a0000000,0x00000000a1f26bb8,0x00000000aff00000)
 Metaspace       used 67008K, capacity 69212K, committed 69464K, reserved 1110016K
  class space    used 8783K, capacity 9287K, committed 9344K, reserved 1048576K
Event: 978.511 GC heap after
Heap after GC invocations=14 (full 3):
 PSYoungGen      total 185344K, used 18846K [0x00000000e0000000, 0x00000000ed200000, 0x0000000100000000)
  eden space 165376K, 0% used [0x00000000e0000000,0x00000000e0000000,0x00000000ea180000)
  from space 19968K, 94% used [0x00000000ea180000,0x00000000eb3e7bb8,0x00000000eb500000)
  to   space 21504K, 0% used [0x00000000ebd00000,0x00000000ebd00000,0x00000000ed200000)
 ParOldGen       total 261120K, used 31906K [0x00000000a0000000, 0x00000000aff00000, 0x00000000e0000000)
  object space 261120K, 12% used [0x00000000a0000000,0x00000000a1f28bb8,0x00000000aff00000)
 Metaspace       used 67008K, capacity 69212K, committed 69464K, reserved 1110016K
  class space    used 8783K, capacity 9287K, committed 9344K, reserved 1048576K
}

